<?xml version="1.0" encoding="UTF-8"?>
<testsuite xmlns:xsi="http://www.w3.org/2001/XMLSchema-instance" xsi:noNamespaceSchemaLocation="https://maven.apache.org/surefire/maven-surefire-plugin/xsd/surefire-test-report-3.0.xsd" version="3.0" name="org.dao.clienteImplTest" time="1.009" tests="1" errors="0" skipped="0" failures="0">
  <properties>
    <property name="java.specification.version" value="20"/>
    <property name="sun.cpu.isalist" value="amd64"/>
    <property name="sun.jnu.encoding" value="Cp1252"/>
    <property name="java.class.path" value="C:\Users\Jordy\Documents\trabajosGit\store1\target\test-classes;C:\Users\Jordy\Documents\trabajosGit\store1\target\classes;C:\Users\Jordy\.m2\repository\org\eclipse\persistence\org.eclipse.persistence.core\2.7.12\org.eclipse.persistence.core-2.7.12.jar;C:\Users\Jordy\.m2\repository\org\eclipse\persistence\org.eclipse.persistence.asm\9.4.0\org.eclipse.persistence.asm-9.4.0.jar;C:\Users\Jordy\.m2\repository\org\eclipse\persistence\org.eclipse.persistence.antlr\2.7.12\org.eclipse.persistence.antlr-2.7.12.jar;C:\Users\Jordy\.m2\repository\org\eclipse\persistence\org.eclipse.persistence.jpa\2.7.12\org.eclipse.persistence.jpa-2.7.12.jar;C:\Users\Jordy\.m2\repository\org\eclipse\persistence\org.eclipse.persistence.jpa.jpql\2.7.12\org.eclipse.persistence.jpa.jpql-2.7.12.jar;C:\Users\Jordy\.m2\repository\org\eclipse\persistence\org.eclipse.persistence.moxy\2.7.12\org.eclipse.persistence.moxy-2.7.12.jar;C:\Users\Jordy\.m2\repository\org\eclipse\persistence\jakarta.persistence\2.2.3\jakarta.persistence-2.2.3.jar;C:\Users\Jordy\.m2\repository\com\mysql\mysql-connector-j\8.2.0\mysql-connector-j-8.2.0.jar;C:\Users\Jordy\.m2\repository\com\google\protobuf\protobuf-java\3.21.9\protobuf-java-3.21.9.jar;C:\Users\Jordy\.m2\repository\junit\junit\4.12\junit-4.12.jar;C:\Users\Jordy\.m2\repository\org\hamcrest\hamcrest-core\1.3\hamcrest-core-1.3.jar;"/>
    <property name="java.vm.vendor" value="Oracle Corporation"/>
    <property name="sun.arch.data.model" value="64"/>
    <property name="user.variant" value=""/>
    <property name="java.vendor.url" value="https://java.oracle.com/"/>
    <property name="user.timezone" value="America/Lima"/>
    <property name="os.name" value="Windows 11"/>
    <property name="java.vm.specification.version" value="20"/>
    <property name="user.country" value="ES"/>
    <property name="sun.java.launcher" value="SUN_STANDARD"/>
    <property name="sun.boot.library.path" value="C:\Program Files\Java\jdk-20\bin"/>
    <property name="sun.java.command" value="C:\Users\Jordy\AppData\Local\Temp\surefire13261946860945495968\surefirebooter-20231102153420948_3.jar C:\Users\Jordy\AppData\Local\Temp\surefire13261946860945495968 2023-11-02T15-34-20_846-jvmRun1 surefire-20231102153420948_1tmp surefire_0-20231102153420948_2tmp"/>
    <property name="jdk.debug" value="release"/>
    <property name="test" value="org.dao.clienteImplTest#testActualizar"/>
    <property name="surefire.test.class.path" value="C:\Users\Jordy\Documents\trabajosGit\store1\target\test-classes;C:\Users\Jordy\Documents\trabajosGit\store1\target\classes;C:\Users\Jordy\.m2\repository\org\eclipse\persistence\org.eclipse.persistence.core\2.7.12\org.eclipse.persistence.core-2.7.12.jar;C:\Users\Jordy\.m2\repository\org\eclipse\persistence\org.eclipse.persistence.asm\9.4.0\org.eclipse.persistence.asm-9.4.0.jar;C:\Users\Jordy\.m2\repository\org\eclipse\persistence\org.eclipse.persistence.antlr\2.7.12\org.eclipse.persistence.antlr-2.7.12.jar;C:\Users\Jordy\.m2\repository\org\eclipse\persistence\org.eclipse.persistence.jpa\2.7.12\org.eclipse.persistence.jpa-2.7.12.jar;C:\Users\Jordy\.m2\repository\org\eclipse\persistence\org.eclipse.persistence.jpa.jpql\2.7.12\org.eclipse.persistence.jpa.jpql-2.7.12.jar;C:\Users\Jordy\.m2\repository\org\eclipse\persistence\org.eclipse.persistence.moxy\2.7.12\org.eclipse.persistence.moxy-2.7.12.jar;C:\Users\Jordy\.m2\repository\org\eclipse\persistence\jakarta.persistence\2.2.3\jakarta.persistence-2.2.3.jar;C:\Users\Jordy\.m2\repository\com\mysql\mysql-connector-j\8.2.0\mysql-connector-j-8.2.0.jar;C:\Users\Jordy\.m2\repository\com\google\protobuf\protobuf-java\3.21.9\protobuf-java-3.21.9.jar;C:\Users\Jordy\.m2\repository\junit\junit\4.12\junit-4.12.jar;C:\Users\Jordy\.m2\repository\org\hamcrest\hamcrest-core\1.3\hamcrest-core-1.3.jar;"/>
    <property name="sun.cpu.endian" value="little"/>
    <property name="user.home" value="C:\Users\Jordy"/>
    <property name="user.language" value="es"/>
    <property name="java.specification.vendor" value="Oracle Corporation"/>
    <property name="java.version.date" value="2023-07-18"/>
    <property name="java.home" value="C:\Program Files\Java\jdk-20"/>
    <property name="file.separator" value="\"/>
    <property name="basedir" value="C:\Users\Jordy\Documents\trabajosGit\store1"/>
    <property name="java.vm.compressedOopsMode" value="Zero based"/>
    <property name="line.separator" value="&#10;"/>
    <property name="java.vm.specification.vendor" value="Oracle Corporation"/>
    <property name="java.specification.name" value="Java Platform API Specification"/>
    <property name="surefire.real.class.path" value="C:\Users\Jordy\AppData\Local\Temp\surefire13261946860945495968\surefirebooter-20231102153420948_3.jar"/>
    <property name="user.script" value=""/>
    <property name="sun.management.compiler" value="HotSpot 64-Bit Tiered Compilers"/>
    <property name="java.runtime.version" value="20.0.2+9-78"/>
    <property name="user.name" value="Jordy"/>
    <property name="stdout.encoding" value="Cp1252"/>
    <property name="path.separator" value=";"/>
    <property name="os.version" value="10.0"/>
    <property name="java.runtime.name" value="Java(TM) SE Runtime Environment"/>
    <property name="file.encoding" value="UTF-8"/>
    <property name="java.vm.name" value="Java HotSpot(TM) 64-Bit Server VM"/>
    <property name="maven.ext.class.path" value="C:\Program Files\NetBeans-18\netbeans\java\maven-nblib\netbeans-eventspy.jar"/>
    <property name="localRepository" value="C:\Users\Jordy\.m2\repository"/>
    <property name="java.vendor.url.bug" value="https://bugreport.java.com/bugreport/"/>
    <property name="java.io.tmpdir" value="C:\Users\Jordy\AppData\Local\Temp\"/>
    <property name="java.version" value="20.0.2"/>
    <property name="user.dir" value="C:\Users\Jordy\Documents\trabajosGit\store1"/>
    <property name="os.arch" value="amd64"/>
    <property name="java.vm.specification.name" value="Java Virtual Machine Specification"/>
    <property name="sun.os.patch.level" value=""/>
    <property name="native.encoding" value="Cp1252"/>
    <property name="java.library.path" value="C:\Program Files\Java\jdk-20\bin;C:\Windows\Sun\Java\bin;C:\Windows\system32;C:\Windows;C:\Program Files\Common Files\Oracle\Java\javapath;C:\Program Files (x86)\Common Files\Oracle\Java\javapath;C:\Windows\system32;C:\Windows;C:\Windows\System32\Wbem;C:\Windows\System32\WindowsPowerShell\v1.0\;C:\Windows\System32\OpenSSH\;C:\Program Files (x86)\NVIDIA Corporation\PhysX\Common;C:\Program Files\NVIDIA Corporation\NVIDIA NvDLISR;C:\Program Files\Git\cmd;C:\Program Files\MySQL\MySQL Shell 8.0\bin\;C:\Users\Jordy\AppData\Local\Microsoft\WindowsApps;;C:\Users\Jordy\AppData\Local\Programs\Microsoft VS Code\bin;C:\Users\Jordy\AppData\Local\Programs\oh-my-posh\bin;."/>
    <property name="java.vm.info" value="mixed mode, sharing"/>
    <property name="stderr.encoding" value="Cp1252"/>
    <property name="java.vendor" value="Oracle Corporation"/>
    <property name="java.vm.version" value="20.0.2+9-78"/>
    <property name="sun.io.unicode.encoding" value="UnicodeLittle"/>
    <property name="java.class.version" value="64.0"/>
  </properties>
  <testcase name="testActualizar" classname="org.dao.clienteImplTest" time="0.961">
    <system-out><![CDATA[Actualizar
[EL Info]: 2023-11-02 15:34:21.697--ServerSession(1859383896)--EclipseLink, version: Eclipse Persistence Services - 2.7.12.v20230209-e5c4074ef3
[EL Warning]: 2023-11-02 15:34:22.148--ServerSession(1859383896)--Exception [EclipseLink-4002] (Eclipse Persistence Services - 2.7.12.v20230209-e5c4074ef3): org.eclipse.persistence.exceptions.DatabaseException
Internal Exception: java.sql.SQLSyntaxErrorException: Table 'empleado' already exists
Error Code: 1050
Call: CREATE TABLE store.empleado (idEmpleado INTEGER AUTO_INCREMENT NOT NULL, nombre VARCHAR(45), PRIMARY KEY (idEmpleado))
Query: DataModifyQuery(sql="CREATE TABLE store.empleado (idEmpleado INTEGER AUTO_INCREMENT NOT NULL, nombre VARCHAR(45), PRIMARY KEY (idEmpleado))")
[EL Warning]: 2023-11-02 15:34:22.154--ServerSession(1859383896)--Exception [EclipseLink-4002] (Eclipse Persistence Services - 2.7.12.v20230209-e5c4074ef3): org.eclipse.persistence.exceptions.DatabaseException
Internal Exception: java.sql.SQLSyntaxErrorException: Table 'venta' already exists
Error Code: 1050
Call: CREATE TABLE store.venta (idVenta INTEGER AUTO_INCREMENT NOT NULL, fecha DATE, idCliente INTEGER NOT NULL, idEmpleado INTEGER NOT NULL, PRIMARY KEY (idVenta))
Query: DataModifyQuery(sql="CREATE TABLE store.venta (idVenta INTEGER AUTO_INCREMENT NOT NULL, fecha DATE, idCliente INTEGER NOT NULL, idEmpleado INTEGER NOT NULL, PRIMARY KEY (idVenta))")
[EL Warning]: 2023-11-02 15:34:22.158--ServerSession(1859383896)--Exception [EclipseLink-4002] (Eclipse Persistence Services - 2.7.12.v20230209-e5c4074ef3): org.eclipse.persistence.exceptions.DatabaseException
Internal Exception: java.sql.SQLSyntaxErrorException: Table 'producto' already exists
Error Code: 1050
Call: CREATE TABLE store.producto (idProducto INTEGER AUTO_INCREMENT NOT NULL, nombre VARCHAR(45), precio SMALLINT, stock INTEGER, idCategoria INTEGER NOT NULL, idProveedor INTEGER NOT NULL, PRIMARY KEY (idProducto))
Query: DataModifyQuery(sql="CREATE TABLE store.producto (idProducto INTEGER AUTO_INCREMENT NOT NULL, nombre VARCHAR(45), precio SMALLINT, stock INTEGER, idCategoria INTEGER NOT NULL, idProveedor INTEGER NOT NULL, PRIMARY KEY (idProducto))")
[EL Warning]: 2023-11-02 15:34:22.161--ServerSession(1859383896)--Exception [EclipseLink-4002] (Eclipse Persistence Services - 2.7.12.v20230209-e5c4074ef3): org.eclipse.persistence.exceptions.DatabaseException
Internal Exception: java.sql.SQLSyntaxErrorException: Table 'detalle_venta' already exists
Error Code: 1050
Call: CREATE TABLE store.detalle_venta (idDetalle_Venta INTEGER AUTO_INCREMENT NOT NULL, cantidad VARCHAR(45), detalle VARCHAR(45), idProducto INTEGER NOT NULL, idVenta INTEGER NOT NULL, PRIMARY KEY (idDetalle_Venta))
Query: DataModifyQuery(sql="CREATE TABLE store.detalle_venta (idDetalle_Venta INTEGER AUTO_INCREMENT NOT NULL, cantidad VARCHAR(45), detalle VARCHAR(45), idProducto INTEGER NOT NULL, idVenta INTEGER NOT NULL, PRIMARY KEY (idDetalle_Venta))")
[EL Warning]: 2023-11-02 15:34:22.164--ServerSession(1859383896)--Exception [EclipseLink-4002] (Eclipse Persistence Services - 2.7.12.v20230209-e5c4074ef3): org.eclipse.persistence.exceptions.DatabaseException
Internal Exception: java.sql.SQLSyntaxErrorException: Table 'categoria' already exists
Error Code: 1050
Call: CREATE TABLE store.categoria (idCategoria INTEGER AUTO_INCREMENT NOT NULL, categoria VARCHAR(45), PRIMARY KEY (idCategoria))
Query: DataModifyQuery(sql="CREATE TABLE store.categoria (idCategoria INTEGER AUTO_INCREMENT NOT NULL, categoria VARCHAR(45), PRIMARY KEY (idCategoria))")
[EL Warning]: 2023-11-02 15:34:22.166--ServerSession(1859383896)--Exception [EclipseLink-4002] (Eclipse Persistence Services - 2.7.12.v20230209-e5c4074ef3): org.eclipse.persistence.exceptions.DatabaseException
Internal Exception: java.sql.SQLSyntaxErrorException: Table 'proveedor' already exists
Error Code: 1050
Call: CREATE TABLE store.proveedor (idProveedor INTEGER AUTO_INCREMENT NOT NULL, nombre VARCHAR(45), PRIMARY KEY (idProveedor))
Query: DataModifyQuery(sql="CREATE TABLE store.proveedor (idProveedor INTEGER AUTO_INCREMENT NOT NULL, nombre VARCHAR(45), PRIMARY KEY (idProveedor))")
[EL Warning]: 2023-11-02 15:34:22.169--ServerSession(1859383896)--Exception [EclipseLink-4002] (Eclipse Persistence Services - 2.7.12.v20230209-e5c4074ef3): org.eclipse.persistence.exceptions.DatabaseException
Internal Exception: java.sql.SQLSyntaxErrorException: Table 'cliente' already exists
Error Code: 1050
Call: CREATE TABLE store.cliente (idCliente INTEGER AUTO_INCREMENT NOT NULL, nombre VARCHAR(45), PRIMARY KEY (idCliente))
Query: DataModifyQuery(sql="CREATE TABLE store.cliente (idCliente INTEGER AUTO_INCREMENT NOT NULL, nombre VARCHAR(45), PRIMARY KEY (idCliente))")
[EL Warning]: 2023-11-02 15:34:22.171--ServerSession(1859383896)--Exception [EclipseLink-4002] (Eclipse Persistence Services - 2.7.12.v20230209-e5c4074ef3): org.eclipse.persistence.exceptions.DatabaseException
Internal Exception: java.sql.SQLException: Duplicate foreign key constraint name 'FK_venta_idEmpleado'
Error Code: 1826
Call: ALTER TABLE store.venta ADD CONSTRAINT FK_venta_idEmpleado FOREIGN KEY (idEmpleado) REFERENCES store.empleado (idEmpleado)
Query: DataModifyQuery(sql="ALTER TABLE store.venta ADD CONSTRAINT FK_venta_idEmpleado FOREIGN KEY (idEmpleado) REFERENCES store.empleado (idEmpleado)")
[EL Warning]: 2023-11-02 15:34:22.172--ServerSession(1859383896)--Exception [EclipseLink-4002] (Eclipse Persistence Services - 2.7.12.v20230209-e5c4074ef3): org.eclipse.persistence.exceptions.DatabaseException
Internal Exception: java.sql.SQLException: Duplicate foreign key constraint name 'FK_producto_idProveedor'
Error Code: 1826
Call: ALTER TABLE store.producto ADD CONSTRAINT FK_producto_idProveedor FOREIGN KEY (idProveedor) REFERENCES store.proveedor (idProveedor)
Query: DataModifyQuery(sql="ALTER TABLE store.producto ADD CONSTRAINT FK_producto_idProveedor FOREIGN KEY (idProveedor) REFERENCES store.proveedor (idProveedor)")
[EL Warning]: 2023-11-02 15:34:22.174--ServerSession(1859383896)--Exception [EclipseLink-4002] (Eclipse Persistence Services - 2.7.12.v20230209-e5c4074ef3): org.eclipse.persistence.exceptions.DatabaseException
Internal Exception: java.sql.SQLException: Duplicate foreign key constraint name 'FK_detalle_venta_idVenta'
Error Code: 1826
Call: ALTER TABLE store.detalle_venta ADD CONSTRAINT FK_detalle_venta_idVenta FOREIGN KEY (idVenta) REFERENCES store.venta (idVenta)
Query: DataModifyQuery(sql="ALTER TABLE store.detalle_venta ADD CONSTRAINT FK_detalle_venta_idVenta FOREIGN KEY (idVenta) REFERENCES store.venta (idVenta)")
]]></system-out>
  </testcase>
</testsuite>